0 info it worked if it ends with ok
1 verbose cli [ 'node', '/usr/local/bin/npm', 'install', 'http-server', '-g' ]
2 info using npm@1.4.9
3 info using node@v0.10.28
4 verbose cache add [ 'http-server', null ]
5 verbose cache add name=undefined spec="http-server" args=["http-server",null]
6 verbose parsed url { protocol: null,
6 verbose parsed url   slashes: null,
6 verbose parsed url   auth: null,
6 verbose parsed url   host: null,
6 verbose parsed url   port: null,
6 verbose parsed url   hostname: null,
6 verbose parsed url   hash: null,
6 verbose parsed url   search: null,
6 verbose parsed url   query: null,
6 verbose parsed url   pathname: 'http-server',
6 verbose parsed url   path: 'http-server',
6 verbose parsed url   href: 'http-server' }
7 silly lockFile ed608307-http-server http-server
8 verbose lock http-server /Users/SuryaPrakash/.npm/ed608307-http-server.lock
9 silly lockFile ed608307-http-server http-server
10 silly lockFile ed608307-http-server http-server
11 verbose addNamed [ 'http-server', '' ]
12 verbose addNamed [ null, '*' ]
13 silly lockFile 550353c6-http-server http-server@
14 verbose lock http-server@ /Users/SuryaPrakash/.npm/550353c6-http-server.lock
15 silly addNameRange { name: 'http-server', range: '*', hasData: false }
16 verbose url raw http-server
17 verbose url resolving [ 'https://registry.npmjs.org/', './http-server' ]
18 verbose url resolved https://registry.npmjs.org/http-server
19 info trying registry request attempt 1 at 23:23:38
20 http GET https://registry.npmjs.org/http-server
21 http 200 https://registry.npmjs.org/http-server
22 silly registry.get cb [ 200,
22 silly registry.get   { server: 'nginx/1.10.1',
22 silly registry.get     'content-type': 'application/json',
22 silly registry.get     'last-modified': 'Wed, 15 Mar 2017 08:47:04 GMT',
22 silly registry.get     etag: 'W/"58c8ff88-ee8e"',
22 silly registry.get     'content-encoding': 'gzip',
22 silly registry.get     'cache-control': 'max-age=300',
22 silly registry.get     'content-length': '8110',
22 silly registry.get     'accept-ranges': 'bytes',
22 silly registry.get     date: 'Wed, 15 Mar 2017 17:53:39 GMT',
22 silly registry.get     via: '1.1 varnish',
22 silly registry.get     age: '184',
22 silly registry.get     connection: 'keep-alive',
22 silly registry.get     'x-served-by': 'cache-lcy1141-LCY',
22 silly registry.get     'x-cache': 'HIT',
22 silly registry.get     'x-cache-hits': '1',
22 silly registry.get     'x-timer': 'S1489600419.255703,VS0,VE0',
22 silly registry.get     vary: 'Accept-Encoding' } ]
23 silly addNameRange number 2 { name: 'http-server', range: '*', hasData: true }
24 silly addNameRange versions [ 'http-server',
24 silly addNameRange   [ '0.1.0',
24 silly addNameRange     '0.1.1',
24 silly addNameRange     '0.1.3',
24 silly addNameRange     '0.2.1',
24 silly addNameRange     '0.2.2',
24 silly addNameRange     '0.2.3',
24 silly addNameRange     '0.2.4',
24 silly addNameRange     '0.2.5',
24 silly addNameRange     '0.2.6',
24 silly addNameRange     '0.2.9',
24 silly addNameRange     '0.3.0',
24 silly addNameRange     '0.4.0',
24 silly addNameRange     '0.4.1',
24 silly addNameRange     '0.5.0',
24 silly addNameRange     '0.5.1',
24 silly addNameRange     '0.5.2',
24 silly addNameRange     '0.5.3',
24 silly addNameRange     '0.5.5',
24 silly addNameRange     '0.6.0',
24 silly addNameRange     '0.6.1',
24 silly addNameRange     '0.7.0',
24 silly addNameRange     '0.7.1',
24 silly addNameRange     '0.7.2',
24 silly addNameRange     '0.7.3',
24 silly addNameRange     '0.7.4',
24 silly addNameRange     '0.7.5',
24 silly addNameRange     '0.8.0',
24 silly addNameRange     '0.8.1',
24 silly addNameRange     '0.8.2',
24 silly addNameRange     '0.8.3',
24 silly addNameRange     '0.8.4',
24 silly addNameRange     '0.8.5',
24 silly addNameRange     '0.9.0' ] ]
25 verbose addNamed [ 'http-server', '0.9.0' ]
26 verbose addNamed [ '0.9.0', '0.9.0' ]
27 silly lockFile ccc85818-http-server-0-9-0 http-server@0.9.0
28 verbose lock http-server@0.9.0 /Users/SuryaPrakash/.npm/ccc85818-http-server-0-9-0.lock
29 silly lockFile 8fc931e5-ttp-server-http-server-0-9-0-tgz https://registry.npmjs.org/http-server/-/http-server-0.9.0.tgz
30 verbose lock https://registry.npmjs.org/http-server/-/http-server-0.9.0.tgz /Users/SuryaPrakash/.npm/8fc931e5-ttp-server-http-server-0-9-0-tgz.lock
31 verbose addRemoteTarball [ 'https://registry.npmjs.org/http-server/-/http-server-0.9.0.tgz',
31 verbose addRemoteTarball   '8f1b06bdc733618d4dc42831c7ba1aff4e06001a' ]
32 info retry fetch attempt 1 at 23:23:39
33 verbose fetch to= /var/folders/ht/zlwrhk6j2xd0k6nkgtk7bzz80000gn/T/npm-29569-_NA0P6p2/1489600419289-0.005793266464024782/tmp.tgz
34 http GET https://registry.npmjs.org/http-server/-/http-server-0.9.0.tgz
35 http 200 https://registry.npmjs.org/http-server/-/http-server-0.9.0.tgz
36 verbose tar unpack /var/folders/ht/zlwrhk6j2xd0k6nkgtk7bzz80000gn/T/npm-29569-_NA0P6p2/1489600419289-0.005793266464024782/tmp.tgz
37 silly lockFile c8b4f408-sh-npm-http-server-0-9-0-package tar:///Users/SuryaPrakash/.npm/http-server/0.9.0/package
38 verbose lock tar:///Users/SuryaPrakash/.npm/http-server/0.9.0/package /Users/SuryaPrakash/.npm/c8b4f408-sh-npm-http-server-0-9-0-package.lock
39 silly lockFile 2316b9c2-289-0-005793266464024782-tmp-tgz tar:///var/folders/ht/zlwrhk6j2xd0k6nkgtk7bzz80000gn/T/npm-29569-_NA0P6p2/1489600419289-0.005793266464024782/tmp.tgz
40 verbose lock tar:///var/folders/ht/zlwrhk6j2xd0k6nkgtk7bzz80000gn/T/npm-29569-_NA0P6p2/1489600419289-0.005793266464024782/tmp.tgz /Users/SuryaPrakash/.npm/2316b9c2-289-0-005793266464024782-tmp-tgz.lock
41 silly gunzTarPerm modes [ '755', '644' ]
42 silly gunzTarPerm extractEntry package.json
43 silly gunzTarPerm extractEntry .npmignore
44 silly gunzTarPerm extractEntry README.md
45 silly gunzTarPerm extractEntry LICENSE
46 silly gunzTarPerm extractEntry lib/http-server.js
47 silly gunzTarPerm extractEntry bin/http-server
48 silly gunzTarPerm extractEntry screenshots/directory.png
49 silly gunzTarPerm extractEntry screenshots/public.png
50 silly gunzTarPerm extractEntry screenshots/start.png
51 silly gunzTarPerm extractEntry .travis.yml
52 silly gunzTarPerm extractEntry public/404.html
53 silly gunzTarPerm extractEntry public/img/turtle.png
54 silly gunzTarPerm extractEntry public/index.html
55 silly gunzTarPerm extractEntry test/http-server-test.js
56 silly gunzTarPerm extractEntry test/fixtures/root/canYouSeeMe
57 silly gunzTarPerm extractEntry test/fixtures/root/file
58 silly lockFile c8b4f408-sh-npm-http-server-0-9-0-package tar:///Users/SuryaPrakash/.npm/http-server/0.9.0/package
59 silly lockFile c8b4f408-sh-npm-http-server-0-9-0-package tar:///Users/SuryaPrakash/.npm/http-server/0.9.0/package
60 silly lockFile 2316b9c2-289-0-005793266464024782-tmp-tgz tar:///var/folders/ht/zlwrhk6j2xd0k6nkgtk7bzz80000gn/T/npm-29569-_NA0P6p2/1489600419289-0.005793266464024782/tmp.tgz
61 silly lockFile 2316b9c2-289-0-005793266464024782-tmp-tgz tar:///var/folders/ht/zlwrhk6j2xd0k6nkgtk7bzz80000gn/T/npm-29569-_NA0P6p2/1489600419289-0.005793266464024782/tmp.tgz
62 silly lockFile 8fc931e5-ttp-server-http-server-0-9-0-tgz https://registry.npmjs.org/http-server/-/http-server-0.9.0.tgz
63 silly lockFile 8fc931e5-ttp-server-http-server-0-9-0-tgz https://registry.npmjs.org/http-server/-/http-server-0.9.0.tgz
64 silly lockFile ccc85818-http-server-0-9-0 http-server@0.9.0
65 silly lockFile ccc85818-http-server-0-9-0 http-server@0.9.0
66 silly lockFile 550353c6-http-server http-server@
67 silly lockFile 550353c6-http-server http-server@
68 silly resolved [ { name: 'http-server',
68 silly resolved     version: '0.9.0',
68 silly resolved     description: 'A simple zero-configuration command-line http server',
68 silly resolved     main: './lib/http-server',
68 silly resolved     repository:
68 silly resolved      { type: 'git',
68 silly resolved        url: 'git://github.com/indexzero/http-server.git' },
68 silly resolved     keywords: [ 'cli', 'command' ],
68 silly resolved     scripts:
68 silly resolved      { start: 'node ./bin/http-server',
68 silly resolved        pretest: 'common bin/http-server lib/ test',
68 silly resolved        test: 'vows --spec --isolate' },
68 silly resolved     contributors:
68 silly resolved      [ [Object],
68 silly resolved        [Object],
68 silly resolved        [Object],
68 silly resolved        [Object],
68 silly resolved        [Object],
68 silly resolved        [Object],
68 silly resolved        [Object],
68 silly resolved        [Object],
68 silly resolved        [Object],
68 silly resolved        [Object] ],
68 silly resolved     dependencies:
68 silly resolved      { colors: '1.0.3',
68 silly resolved        corser: '~2.0.0',
68 silly resolved        ecstatic: '^1.4.0',
68 silly resolved        'http-proxy': '^1.8.1',
68 silly resolved        opener: '~1.4.0',
68 silly resolved        optimist: '0.6.x',
68 silly resolved        portfinder: '0.4.x',
68 silly resolved        union: '~0.4.3' },
68 silly resolved     devDependencies: { 'common-style': '^3.0.0', request: '2.49.x', vows: '0.7.x' },
68 silly resolved     bugs: { url: 'https://github.com/nodeapps/http-server/issues' },
68 silly resolved     license: 'MIT',
68 silly resolved     preferGlobal: 'true',
68 silly resolved     bin: { 'http-server': './bin/http-server', hs: './bin/http-server' },
68 silly resolved     readme: '# http-server: a command-line http server\n\n`http-server` is a simple, zero-configuration command-line http server.  It is powerful enough for production usage, but it\'s simple and hackable enough to be used for testing, local development, and learning.\n\n![](https://github.com/nodeapps/http-server/raw/master/screenshots/public.png)\n\n# Installing globally:\n\nInstallation via `npm`:\n\n     npm install http-server -g\n\nThis will install `http-server` globally so that it may be run from the command line.\n\n## Usage:\n\n     http-server [path] [options]\n\n`[path]` defaults to `./public` if the folder exists, and `./` otherwise.\n\n# Installing as a node app\n\n     mkdir myapp\n     cd myapp/\n     jitsu install http-server\n\n*If you do not have `jitsu` installed you can install it via `npm install jitsu -g`*\n\n## Usage\n\n### Starting http-server locally\n\n     node bin/http-server\n\n*Now you can visit http://localhost:8080 to view your server*\n\n## Available Options:\n\n`-p` Port to use (defaults to 8080)\n\n`-a` Address to use (defaults to 0.0.0.0)\n\n`-d` Show directory listings (defaults to \'True\')\n\n`-i` Display autoIndex (defaults to \'True\')\n\n`-e` or `--ext` Default file extension if none supplied (defaults to \'html\')\n\n`-s` or `--silent` Suppress log messages from output\n\n`--cors` Enable CORS via the `Access-Control-Allow-Origin` header\n\n`-o` Open browser window after starting the server\n\n`-c` Set cache time (in seconds) for cache-control max-age header, e.g. -c10 for 10 seconds (defaults to \'3600\'). To disable caching, use -c-1.\n\n`-U` or `--utc` Use UTC time format in log messages.\n\n`-P` or `--proxy` Proxies all requests which can\'t be resolved locally to the given url. e.g.: -P http://someurl.com\n\n`-S` or `--ssl` Enable https.\n\n`-C` or `--cert` Path to ssl cert file (default: cert.pem).\n\n`-K` or `--key` Path to ssl key file (default: key.pem).\n\n`-r` or `--robots` Provide a /robots.txt (whose content defaults to \'User-agent: *\\nDisallow: /\')\n\n`-h` or `--help` Print this list and exit.\n',
68 silly resolved     readmeFilename: 'README.md',
68 silly resolved     homepage: 'https://github.com/indexzero/http-server',
68 silly resolved     _id: 'http-server@0.9.0',
68 silly resolved     _shasum: '8f1b06bdc733618d4dc42831c7ba1aff4e06001a',
68 silly resolved     _from: 'http-server@',
68 silly resolved     _resolved: 'https://registry.npmjs.org/http-server/-/http-server-0.9.0.tgz' } ]
69 info install http-server@0.9.0 into /usr/local/lib
70 info installOne http-server@0.9.0
71 info /usr/local/lib/node_modules/http-server unbuild
72 verbose tar unpack /Users/SuryaPrakash/.npm/http-server/0.9.0/package.tgz
73 silly lockFile c2cc12bc-cal-lib-node-modules-http-server tar:///usr/local/lib/node_modules/http-server
74 verbose lock tar:///usr/local/lib/node_modules/http-server /Users/SuryaPrakash/.npm/c2cc12bc-cal-lib-node-modules-http-server.lock
75 silly lockFile 9f6a68c2-pm-http-server-0-9-0-package-tgz tar:///Users/SuryaPrakash/.npm/http-server/0.9.0/package.tgz
76 verbose lock tar:///Users/SuryaPrakash/.npm/http-server/0.9.0/package.tgz /Users/SuryaPrakash/.npm/9f6a68c2-pm-http-server-0-9-0-package-tgz.lock
77 silly gunzTarPerm modes [ '755', '644' ]
78 error Error: EACCES, mkdir '/usr/local/lib/node_modules/http-server'
78 error  { [Error: EACCES, mkdir '/usr/local/lib/node_modules/http-server']
78 error   errno: 3,
78 error   code: 'EACCES',
78 error   path: '/usr/local/lib/node_modules/http-server',
78 error   fstream_type: 'Directory',
78 error   fstream_path: '/usr/local/lib/node_modules/http-server',
78 error   fstream_class: 'DirWriter',
78 error   fstream_stack:
78 error    [ '/usr/local/lib/node_modules/npm/node_modules/fstream/lib/dir-writer.js:36:23',
78 error      '/usr/local/lib/node_modules/npm/node_modules/mkdirp/index.js:37:53',
78 error      'Object.oncomplete (fs.js:107:15)' ] }
79 error Please try running this command again as root/Administrator.
80 error System Darwin 16.4.0
81 error command "node" "/usr/local/bin/npm" "install" "http-server" "-g"
82 error cwd /Users/SuryaPrakash/JS/Movie_Trailer
83 error node -v v0.10.28
84 error npm -v 1.4.9
85 error path /usr/local/lib/node_modules/http-server
86 error fstream_path /usr/local/lib/node_modules/http-server
87 error fstream_type Directory
88 error fstream_class DirWriter
89 error code EACCES
90 error errno 3
91 error stack Error: EACCES, mkdir '/usr/local/lib/node_modules/http-server'
92 error fstream_stack /usr/local/lib/node_modules/npm/node_modules/fstream/lib/dir-writer.js:36:23
92 error fstream_stack /usr/local/lib/node_modules/npm/node_modules/mkdirp/index.js:37:53
92 error fstream_stack Object.oncomplete (fs.js:107:15)
93 verbose exit [ 3, true ]
